<?xml version="1.0" encoding="UTF-8"?>
<testsuite name="com.example.demo.Demo4cloudApplicationTests" tests="1" skipped="0" failures="0" errors="0" timestamp="2023-10-26T07:48:10" hostname="DESKTOP-NKDROU9" time="0.597">
  <properties/>
  <testcase name="contextLoads()" classname="com.example.demo.Demo4cloudApplicationTests" time="0.597"/>
  <system-out><![CDATA[14:48:09.299 [Test worker] INFO org.springframework.test.context.support.AnnotationConfigContextLoaderUtils -- Could not detect default configuration classes for test class [com.example.demo.Demo4cloudApplicationTests]: Demo4cloudApplicationTests does not declare any static, non-private, non-final, nested classes annotated with @Configuration.
14:48:09.382 [Test worker] INFO org.springframework.boot.test.context.SpringBootTestContextBootstrapper -- Found @SpringBootConfiguration com.example.demo.Demo4cloudApplication for test class com.example.demo.Demo4cloudApplicationTests

  .   ____          _            __ _ _
 /\\ / ___'_ __ _ _(_)_ __  __ _ \ \ \ \
( ( )\___ | '_ | '_| | '_ \/ _` | \ \ \ \
 \\/  ___)| |_)| | | | | || (_| |  ) ) ) )
  '  |____| .__|_| |_|_| |_\__, | / / / /
 =========|_|==============|___/=/_/_/_/
 :: Spring Boot ::                (v3.1.5)

2023-10-26T14:48:09.671+07:00  INFO 18568 --- [    Test worker] c.e.demo.Demo4cloudApplicationTests      : Starting Demo4cloudApplicationTests using Java 17.0.6 with PID 18568 (started by chetra in C:\Users\chetra\Desktop\demo)
2023-10-26T14:48:09.672+07:00  INFO 18568 --- [    Test worker] c.e.demo.Demo4cloudApplicationTests      : No active profile set, falling back to 1 default profile: "default"
2023-10-26T14:48:10.489+07:00  INFO 18568 --- [    Test worker] c.e.demo.Demo4cloudApplicationTests      : Started Demo4cloudApplicationTests in 0.97 seconds (process running for 1.83)
]]></system-out>
  <system-err><![CDATA[]]></system-err>
</testsuite>
